# JRE version: 7.0_13-b20
# Java VM: Java HotSpot(TM) 64-Bit Server VM (23.7-b01 mixed mode windows-amd64 compressed oops)
Heap
 PSYoungGen      total 17728K, used 2939K [0x00000000f5560000, 0x00000000f6800000, 0x0000000100000000)
  eden space 16384K, 9% used [0x00000000f5560000,0x00000000f56f55e0,0x00000000f6560000)
  from space 1344K, 98% used [0x00000000f66b0000,0x00000000f67f97f8,0x00000000f6800000)
  to   space 1344K, 0% used [0x00000000f6560000,0x00000000f6560000,0x00000000f66b0000)
 ParOldGen       total 21888K, used 1496K [0x00000000e0000000, 0x00000000e1560000, 0x00000000f5560000)
  object space 21888K, 6% used [0x00000000e0000000,0x00000000e0176280,0x00000000e1560000)
 PSPermGen       total 21248K, used 9987K [0x00000000dae00000, 0x00000000dc2c0000, 0x00000000e0000000)
  object space 21248K, 47% used [0x00000000dae00000,0x00000000db7c0dd8,0x00000000dc2c0000)
GC Heap History (8 events):
Event: 0.292 GC heap before
{Heap before GC invocations=1 (full 0):
 PSYoungGen      total 9536K, used 8178K [0x00000000f5560000, 0x00000000f6000000, 0x0000000100000000)
  eden space 8192K, 99% used [0x00000000f5560000,0x00000000f5d5ca70,0x00000000f5d60000)
  from space 1344K, 0% used [0x00000000f5eb0000,0x00000000f5eb0000,0x00000000f6000000)
  to   space 1344K, 0% used [0x00000000f5d60000,0x00000000f5d60000,0x00000000f5eb0000)
 ParOldGen       total 21888K, used 0K [0x00000000e0000000, 0x00000000e1560000, 0x00000000f5560000)
  object space 21888K, 0% used [0x00000000e0000000,0x00000000e0000000,0x00000000e1560000)
 PSPermGen       total 21248K, used 4331K [0x00000000dae00000, 0x00000000dc2c0000, 0x00000000e0000000)
  object space 21248K, 20% used [0x00000000dae00000,0x00000000db23aea0,0x00000000dc2c0000)
Event: 0.294 GC heap after
Heap after GC invocations=1 (full 0):
 PSYoungGen      total 9536K, used 1343K [0x00000000f5560000, 0x00000000f6000000, 0x0000000100000000)
  eden space 8192K, 0% used [0x00000000f5560000,0x00000000f5560000,0x00000000f5d60000)
  from space 1344K, 99% used [0x00000000f5d60000,0x00000000f5eafd80,0x00000000f5eb0000)
  to   space 1344K, 0% used [0x00000000f5eb0000,0x00000000f5eb0000,0x00000000f6000000)
 ParOldGen       total 21888K, used 107K [0x00000000e0000000, 0x00000000e1560000, 0x00000000f5560000)
  object space 21888K, 0% used [0x00000000e0000000,0x00000000e001ad30,0x00000000e1560000)
 PSPermGen       total 21248K, used 4331K [0x00000000dae00000, 0x00000000dc2c0000, 0x00000000e0000000)
  object space 21248K, 20% used [0x00000000dae00000,0x00000000db23aea0,0x00000000dc2c0000)
}
Event: 0.296 GC heap before
{Heap before GC invocations=2 (full 0):
 PSYoungGen      total 9536K, used 9523K [0x00000000f5560000, 0x00000000f6000000, 0x0000000100000000)
  eden space 8192K, 99% used [0x00000000f5560000,0x00000000f5d5d250,0x00000000f5d60000)
  from space 1344K, 99% used [0x00000000f5d60000,0x00000000f5eafd80,0x00000000f5eb0000)
  to   space 1344K, 0% used [0x00000000f5eb0000,0x00000000f5eb0000,0x00000000f6000000)
 ParOldGen       total 21888K, used 107K [0x00000000e0000000, 0x00000000e1560000, 0x00000000f5560000)
  object space 21888K, 0% used [0x00000000e0000000,0x00000000e001ad30,0x00000000e1560000)
 PSPermGen       total 21248K, used 4331K [0x00000000dae00000, 0x00000000dc2c0000, 0x00000000e0000000)
  object space 21248K, 20% used [0x00000000dae00000,0x00000000db23aea0,0x00000000dc2c0000)
Event: 0.297 GC heap after
Heap after GC invocations=2 (full 0):
 PSYoungGen      total 9536K, used 901K [0x00000000f5560000, 0x00000000f6800000, 0x0000000100000000)
  eden space 8192K, 0% used [0x00000000f5560000,0x00000000f5560000,0x00000000f5d60000)
  from space 1344K, 67% used [0x00000000f5eb0000,0x00000000f5f91428,0x00000000f6000000)
  to   space 1344K, 0% used [0x00000000f5d60000,0x00000000f5d60000,0x00000000f5eb0000)
 ParOldGen       total 21888K, used 115K [0x00000000e0000000, 0x00000000e1560000, 0x00000000f5560000)
  object space 21888K, 0% used [0x00000000e0000000,0x00000000e001cd30,0x00000000e1560000)
 PSPermGen       total 21248K, used 4331K [0x00000000dae00000, 0x00000000dc2c0000, 0x00000000e0000000)
  object space 21248K, 20% used [0x00000000dae00000,0x00000000db23aea0,0x00000000dc2c0000)
}
Event: 0.486 GC heap before
{Heap before GC invocations=3 (full 0):
 PSYoungGen      total 9536K, used 9093K [0x00000000f5560000, 0x00000000f6800000, 0x0000000100000000)
  eden space 8192K, 100% used [0x00000000f5560000,0x00000000f5d60000,0x00000000f5d60000)
  from space 1344K, 67% used [0x00000000f5eb0000,0x00000000f5f91428,0x00000000f6000000)
  to   space 1344K, 0% used [0x00000000f5d60000,0x00000000f5d60000,0x00000000f5eb0000)
 ParOldGen       total 21888K, used 115K [0x00000000e0000000, 0x00000000e1560000, 0x00000000f5560000)
  object space 21888K, 0% used [0x00000000e0000000,0x00000000e001cd30,0x00000000e1560000)
 PSPermGen       total 21248K, used 8477K [0x00000000dae00000, 0x00000000dc2c0000, 0x00000000e0000000)
  object space 21248K, 39% used [0x00000000dae00000,0x00000000db647558,0x00000000dc2c0000)
Event: 0.488 GC heap after
Heap after GC invocations=3 (full 0):
 PSYoungGen      total 9536K, used 1333K [0x00000000f5560000, 0x00000000f6800000, 0x0000000100000000)
  eden space 8192K, 0% used [0x00000000f5560000,0x00000000f5560000,0x00000000f5d60000)
  from space 1344K, 99% used [0x00000000f5d60000,0x00000000f5ead7f8,0x00000000f5eb0000)
  to   space 1344K, 0% used [0x00000000f66b0000,0x00000000f66b0000,0x00000000f6800000)
 ParOldGen       total 21888K, used 578K [0x00000000e0000000, 0x00000000e1560000, 0x00000000f5560000)
  object space 21888K, 2% used [0x00000000e0000000,0x00000000e0090ac0,0x00000000e1560000)
 PSPermGen       total 21248K, used 8477K [0x00000000dae00000, 0x00000000dc2c0000, 0x00000000e0000000)
  object space 21248K, 39% used [0x00000000dae00000,0x00000000db647558,0x00000000dc2c0000)
}
Event: 0.646 GC heap before
{Heap before GC invocations=4 (full 0):
 PSYoungGen      total 9536K, used 9525K [0x00000000f5560000, 0x00000000f6800000, 0x0000000100000000)
  eden space 8192K, 100% used [0x00000000f5560000,0x00000000f5d60000,0x00000000f5d60000)
  from space 1344K, 99% used [0x00000000f5d60000,0x00000000f5ead7f8,0x00000000f5eb0000)
  to   space 1344K, 0% used [0x00000000f66b0000,0x00000000f66b0000,0x00000000f6800000)
 ParOldGen       total 21888K, used 578K [0x00000000e0000000, 0x00000000e1560000, 0x00000000f5560000)
  object space 21888K, 2% used [0x00000000e0000000,0x00000000e0090ac0,0x00000000e1560000)
 PSPermGen       total 21248K, used 9668K [0x00000000dae00000, 0x00000000dc2c0000, 0x00000000e0000000)
  object space 21248K, 45% used [0x00000000dae00000,0x00000000db7710c8,0x00000000dc2c0000)
Event: 0.648 GC heap after
Heap after GC invocations=4 (full 0):
 PSYoungGen      total 17728K, used 1317K [0x00000000f5560000, 0x00000000f6800000, 0x0000000100000000)
  eden space 16384K, 0% used [0x00000000f5560000,0x00000000f5560000,0x00000000f6560000)
  from space 1344K, 98% used [0x00000000f66b0000,0x00000000f67f97f8,0x00000000f6800000)
  to   space 1344K, 0% used [0x00000000f6560000,0x00000000f6560000,0x00000000f66b0000)
 ParOldGen       total 21888K, used 1496K [0x00000000e0000000, 0x00000000e1560000, 0x00000000f5560000)
  object space 21888K, 6% used [0x00000000e0000000,0x00000000e0176280,0x00000000e1560000)
 PSPermGen       total 21248K, used 9668K [0x00000000dae00000, 0x00000000dc2c0000, 0x00000000e0000000)
  object space 21248K, 45% used [0x00000000dae00000,0x00000000db7710c8,0x00000000dc2c0000)
}

