# JRE version: 7.0_13-b20
# Java VM: Java HotSpot(TM) 64-Bit Server VM (23.7-b01 mixed mode windows-amd64 compressed oops)
Heap
 PSYoungGen      total 38080K, used 37227K [0x00000000eaab0000, 0x00000000eea00000, 0x0000000100000000)
  eden space 31616K, 98% used [0x00000000eaab0000,0x00000000ec91cb50,0x00000000ec990000)
  from space 6464K, 93% used [0x00000000ec990000,0x00000000ecf7e118,0x00000000ecfe0000)
  to   space 7104K, 0% used [0x00000000ee310000,0x00000000ee310000,0x00000000eea00000)
 ParOldGen       total 43712K, used 7620K [0x00000000c0000000, 0x00000000c2ab0000, 0x00000000eaab0000)
  object space 43712K, 17% used [0x00000000c0000000,0x00000000c07712f0,0x00000000c2ab0000)
 PSPermGen       total 23360K, used 23198K [0x00000000bae00000, 0x00000000bc4d0000, 0x00000000c0000000)
  object space 23360K, 99% used [0x00000000bae00000,0x00000000bc4a7b08,0x00000000bc4d0000)
GC Heap History (10 events):
Event: 3.061 GC heap before
{Heap before GC invocations=5 (full 0):
 PSYoungGen      total 19136K, used 19126K [0x00000000eaab0000, 0x00000000ec000000, 0x0000000100000000)
  eden space 16448K, 100% used [0x00000000eaab0000,0x00000000ebac0000,0x00000000ebac0000)
  from space 2688K, 99% used [0x00000000ebd60000,0x00000000ebffd838,0x00000000ec000000)
  to   space 2688K, 0% used [0x00000000ebac0000,0x00000000ebac0000,0x00000000ebd60000)
 ParOldGen       total 43712K, used 2400K [0x00000000c0000000, 0x00000000c2ab0000, 0x00000000eaab0000)
  object space 43712K, 5% used [0x00000000c0000000,0x00000000c0258018,0x00000000c2ab0000)
 PSPermGen       total 21248K, used 17790K [0x00000000bae00000, 0x00000000bc2c0000, 0x00000000c0000000)
  object space 21248K, 83% used [0x00000000bae00000,0x00000000bbf5f858,0x00000000bc2c0000)
Event: 3.066 GC heap after
Heap after GC invocations=5 (full 0):
 PSYoungGen      total 18752K, used 2678K [0x00000000eaab0000, 0x00000000ec5e0000, 0x0000000100000000)
  eden space 16064K, 0% used [0x00000000eaab0000,0x00000000eaab0000,0x00000000eba60000)
  from space 2688K, 99% used [0x00000000ebac0000,0x00000000ebd5d838,0x00000000ebd60000)
  to   space 5888K, 0% used [0x00000000ec020000,0x00000000ec020000,0x00000000ec5e0000)
 ParOldGen       total 43712K, used 4546K [0x00000000c0000000, 0x00000000c2ab0000, 0x00000000eaab0000)
  object space 43712K, 10% used [0x00000000c0000000,0x00000000c0470a00,0x00000000c2ab0000)
 PSPermGen       total 21248K, used 17790K [0x00000000bae00000, 0x00000000bc2c0000, 0x00000000c0000000)
  object space 21248K, 83% used [0x00000000bae00000,0x00000000bbf5f858,0x00000000bc2c0000)
}
Event: 3.411 GC heap before
{Heap before GC invocations=6 (full 0):
 PSYoungGen      total 18752K, used 18742K [0x00000000eaab0000, 0x00000000ec5e0000, 0x0000000100000000)
  eden space 16064K, 100% used [0x00000000eaab0000,0x00000000eba60000,0x00000000eba60000)
  from space 2688K, 99% used [0x00000000ebac0000,0x00000000ebd5d838,0x00000000ebd60000)
  to   space 5888K, 0% used [0x00000000ec020000,0x00000000ec020000,0x00000000ec5e0000)
 ParOldGen       total 43712K, used 4546K [0x00000000c0000000, 0x00000000c2ab0000, 0x00000000eaab0000)
  object space 43712K, 10% used [0x00000000c0000000,0x00000000c0470a00,0x00000000c2ab0000)
 PSPermGen       total 21248K, used 19344K [0x00000000bae00000, 0x00000000bc2c0000, 0x00000000c0000000)
  object space 21248K, 91% used [0x00000000bae00000,0x00000000bc0e4140,0x00000000bc2c0000)
Event: 3.418 GC heap after
Heap after GC invocations=6 (full 0):
 PSYoungGen      total 21696K, used 4517K [0x00000000eaab0000, 0x00000000ed610000, 0x0000000100000000)
  eden space 15808K, 0% used [0x00000000eaab0000,0x00000000eaab0000,0x00000000eba20000)
  from space 5888K, 76% used [0x00000000ec020000,0x00000000ec489798,0x00000000ec5e0000)
  to   space 6144K, 0% used [0x00000000eba20000,0x00000000eba20000,0x00000000ec020000)
 ParOldGen       total 43712K, used 4554K [0x00000000c0000000, 0x00000000c2ab0000, 0x00000000eaab0000)
  object space 43712K, 10% used [0x00000000c0000000,0x00000000c0472a00,0x00000000c2ab0000)
 PSPermGen       total 21248K, used 19344K [0x00000000bae00000, 0x00000000bc2c0000, 0x00000000c0000000)
  object space 21248K, 91% used [0x00000000bae00000,0x00000000bc0e4140,0x00000000bc2c0000)
}
Event: 3.708 GC heap before
{Heap before GC invocations=7 (full 0):
 PSYoungGen      total 21696K, used 20325K [0x00000000eaab0000, 0x00000000ed610000, 0x0000000100000000)
  eden space 15808K, 100% used [0x00000000eaab0000,0x00000000eba20000,0x00000000eba20000)
  from space 5888K, 76% used [0x00000000ec020000,0x00000000ec489798,0x00000000ec5e0000)
  to   space 6144K, 0% used [0x00000000eba20000,0x00000000eba20000,0x00000000ec020000)
 ParOldGen       total 43712K, used 4554K [0x00000000c0000000, 0x00000000c2ab0000, 0x00000000eaab0000)
  object space 43712K, 10% used [0x00000000c0000000,0x00000000c0472a00,0x00000000c2ab0000)
 PSPermGen       total 21248K, used 20182K [0x00000000bae00000, 0x00000000bc2c0000, 0x00000000c0000000)
  object space 21248K, 94% used [0x00000000bae00000,0x00000000bc1b5940,0x00000000bc2c0000)
Event: 3.713 GC heap after
Heap after GC invocations=7 (full 0):
 PSYoungGen      total 21952K, used 4907K [0x00000000eaab0000, 0x00000000ed630000, 0x0000000100000000)
  eden space 15808K, 0% used [0x00000000eaab0000,0x00000000eaab0000,0x00000000eba20000)
  from space 6144K, 79% used [0x00000000eba20000,0x00000000ebeeaf08,0x00000000ec020000)
  to   space 6464K, 0% used [0x00000000ecfe0000,0x00000000ecfe0000,0x00000000ed630000)
 ParOldGen       total 43712K, used 5574K [0x00000000c0000000, 0x00000000c2ab0000, 0x00000000eaab0000)
  object space 43712K, 12% used [0x00000000c0000000,0x00000000c0571978,0x00000000c2ab0000)
 PSPermGen       total 21248K, used 20182K [0x00000000bae00000, 0x00000000bc2c0000, 0x00000000c0000000)
  object space 21248K, 94% used [0x00000000bae00000,0x00000000bc1b5940,0x00000000bc2c0000)
}
Event: 3.936 GC heap before
{Heap before GC invocations=8 (full 0):
 PSYoungGen      total 21952K, used 20715K [0x00000000eaab0000, 0x00000000ed630000, 0x0000000100000000)
  eden space 15808K, 100% used [0x00000000eaab0000,0x00000000eba20000,0x00000000eba20000)
  from space 6144K, 79% used [0x00000000eba20000,0x00000000ebeeaf08,0x00000000ec020000)
  to   space 6464K, 0% used [0x00000000ecfe0000,0x00000000ecfe0000,0x00000000ed630000)
 ParOldGen       total 43712K, used 5574K [0x00000000c0000000, 0x00000000c2ab0000, 0x00000000eaab0000)
  object space 43712K, 12% used [0x00000000c0000000,0x00000000c0571978,0x00000000c2ab0000)
 PSPermGen       total 21440K, used 21268K [0x00000000bae00000, 0x00000000bc2f0000, 0x00000000c0000000)
  object space 21440K, 99% used [0x00000000bae00000,0x00000000bc2c5360,0x00000000bc2f0000)
Event: 3.944 GC heap after
Heap after GC invocations=8 (full 0):
 PSYoungGen      total 38080K, used 4553K [0x00000000eaab0000, 0x00000000ed630000, 0x0000000100000000)
  eden space 31616K, 0% used [0x00000000eaab0000,0x00000000eaab0000,0x00000000ec990000)
  from space 6464K, 70% used [0x00000000ecfe0000,0x00000000ed452518,0x00000000ed630000)
  to   space 6464K, 0% used [0x00000000ec990000,0x00000000ec990000,0x00000000ecfe0000)
 ParOldGen       total 43712K, used 6642K [0x00000000c0000000, 0x00000000c2ab0000, 0x00000000eaab0000)
  object space 43712K, 15% used [0x00000000c0000000,0x00000000c067cae0,0x00000000c2ab0000)
 PSPermGen       total 21440K, used 21268K [0x00000000bae00000, 0x00000000bc2f0000, 0x00000000c0000000)
  object space 21440K, 99% used [0x00000000bae00000,0x00000000bc2c5360,0x00000000bc2f0000)
}
Event: 4.192 GC heap before
{Heap before GC invocations=9 (full 0):
 PSYoungGen      total 38080K, used 36169K [0x00000000eaab0000, 0x00000000ed630000, 0x0000000100000000)
  eden space 31616K, 100% used [0x00000000eaab0000,0x00000000ec990000,0x00000000ec990000)
  from space 6464K, 70% used [0x00000000ecfe0000,0x00000000ed452518,0x00000000ed630000)
  to   space 6464K, 0% used [0x00000000ec990000,0x00000000ec990000,0x00000000ecfe0000)
 ParOldGen       total 43712K, used 6642K [0x00000000c0000000, 0x00000000c2ab0000, 0x00000000eaab0000)
  object space 43712K, 15% used [0x00000000c0000000,0x00000000c067cae0,0x00000000c2ab0000)
 PSPermGen       total 22400K, used 22385K [0x00000000bae00000, 0x00000000bc3e0000, 0x00000000c0000000)
  object space 22400K, 99% used [0x00000000bae00000,0x00000000bc3dc6f8,0x00000000bc3e0000)
Event: 4.202 GC heap after
Heap after GC invocations=9 (full 0):
 PSYoungGen      total 38080K, used 6072K [0x00000000eaab0000, 0x00000000eea00000, 0x0000000100000000)
  eden space 31616K, 0% used [0x00000000eaab0000,0x00000000eaab0000,0x00000000ec990000)
  from space 6464K, 93% used [0x00000000ec990000,0x00000000ecf7e118,0x00000000ecfe0000)
  to   space 7104K, 0% used [0x00000000ee310000,0x00000000ee310000,0x00000000eea00000)
 ParOldGen       total 43712K, used 7620K [0x00000000c0000000, 0x00000000c2ab0000, 0x00000000eaab0000)
  object space 43712K, 17% used [0x00000000c0000000,0x00000000c07712f0,0x00000000c2ab0000)
 PSPermGen       total 22400K, used 22385K [0x00000000bae00000, 0x00000000bc3e0000, 0x00000000c0000000)
  object space 22400K, 99% used [0x00000000bae00000,0x00000000bc3dc6f8,0x00000000bc3e0000)
}

