# JRE version: 7.0_13-b20
# Java VM: Java HotSpot(TM) 64-Bit Server VM (23.7-b01 mixed mode windows-amd64 compressed oops)
Heap
 PSYoungGen      total 21632K, used 13520K [0x00000000eaab0000, 0x00000000ec600000, 0x0000000100000000)
  eden space 15680K, 57% used [0x00000000eaab0000,0x00000000eb389c88,0x00000000eba00000)
  from space 5952K, 74% used [0x00000000ec030000,0x00000000ec48a6c0,0x00000000ec600000)
  to   space 6144K, 0% used [0x00000000eba00000,0x00000000eba00000,0x00000000ec000000)
 ParOldGen       total 43712K, used 4586K [0x00000000c0000000, 0x00000000c2ab0000, 0x00000000eaab0000)
  object space 43712K, 10% used [0x00000000c0000000,0x00000000c047aaf8,0x00000000c2ab0000)
 PSPermGen       total 21248K, used 19577K [0x00000000bae00000, 0x00000000bc2c0000, 0x00000000c0000000)
  object space 21248K, 92% used [0x00000000bae00000,0x00000000bc11e418,0x00000000bc2c0000)
GC Heap History (10 events):
Event: 0.965 GC heap before
{Heap before GC invocations=2 (full 0):
 PSYoungGen      total 19136K, used 17991K [0x00000000eaab0000, 0x00000000ec000000, 0x0000000100000000)
  eden space 16448K, 100% used [0x00000000eaab0000,0x00000000ebac0000,0x00000000ebac0000)
  from space 2688K, 57% used [0x00000000ebac0000,0x00000000ebc41c38,0x00000000ebd60000)
  to   space 2688K, 0% used [0x00000000ebd60000,0x00000000ebd60000,0x00000000ec000000)
 ParOldGen       total 43712K, used 8K [0x00000000c0000000, 0x00000000c2ab0000, 0x00000000eaab0000)
  object space 43712K, 0% used [0x00000000c0000000,0x00000000c0002000,0x00000000c2ab0000)
 PSPermGen       total 21248K, used 9661K [0x00000000bae00000, 0x00000000bc2c0000, 0x00000000c0000000)
  object space 21248K, 45% used [0x00000000bae00000,0x00000000bb76f7d0,0x00000000bc2c0000)
Event: 0.969 GC heap after
Heap after GC invocations=2 (full 0):
 PSYoungGen      total 19136K, used 2686K [0x00000000eaab0000, 0x00000000ec000000, 0x0000000100000000)
  eden space 16448K, 0% used [0x00000000eaab0000,0x00000000eaab0000,0x00000000ebac0000)
  from space 2688K, 99% used [0x00000000ebd60000,0x00000000ebfffba8,0x00000000ec000000)
  to   space 2688K, 0% used [0x00000000ebac0000,0x00000000ebac0000,0x00000000ebd60000)
 ParOldGen       total 43712K, used 124K [0x00000000c0000000, 0x00000000c2ab0000, 0x00000000eaab0000)
  object space 43712K, 0% used [0x00000000c0000000,0x00000000c001f2e0,0x00000000c2ab0000)
 PSPermGen       total 21248K, used 9661K [0x00000000bae00000, 0x00000000bc2c0000, 0x00000000c0000000)
  object space 21248K, 45% used [0x00000000bae00000,0x00000000bb76f7d0,0x00000000bc2c0000)
}
Event: 1.712 GC heap before
{Heap before GC invocations=3 (full 0):
 PSYoungGen      total 19136K, used 19134K [0x00000000eaab0000, 0x00000000ec000000, 0x0000000100000000)
  eden space 16448K, 100% used [0x00000000eaab0000,0x00000000ebac0000,0x00000000ebac0000)
  from space 2688K, 99% used [0x00000000ebd60000,0x00000000ebfffba8,0x00000000ec000000)
  to   space 2688K, 0% used [0x00000000ebac0000,0x00000000ebac0000,0x00000000ebd60000)
 ParOldGen       total 43712K, used 124K [0x00000000c0000000, 0x00000000c2ab0000, 0x00000000eaab0000)
  object space 43712K, 0% used [0x00000000c0000000,0x00000000c001f2e0,0x00000000c2ab0000)
 PSPermGen       total 21248K, used 11657K [0x00000000bae00000, 0x00000000bc2c0000, 0x00000000c0000000)
  object space 21248K, 54% used [0x00000000bae00000,0x00000000bb962480,0x00000000bc2c0000)
Event: 1.715 GC heap after
Heap after GC invocations=3 (full 0):
 PSYoungGen      total 19136K, used 2666K [0x00000000eaab0000, 0x00000000ec000000, 0x0000000100000000)
  eden space 16448K, 0% used [0x00000000eaab0000,0x00000000eaab0000,0x00000000ebac0000)
  from space 2688K, 99% used [0x00000000ebac0000,0x00000000ebd5aa48,0x00000000ebd60000)
  to   space 2688K, 0% used [0x00000000ebd60000,0x00000000ebd60000,0x00000000ec000000)
 ParOldGen       total 43712K, used 561K [0x00000000c0000000, 0x00000000c2ab0000, 0x00000000eaab0000)
  object space 43712K, 1% used [0x00000000c0000000,0x00000000c008c4f0,0x00000000c2ab0000)
 PSPermGen       total 21248K, used 11657K [0x00000000bae00000, 0x00000000bc2c0000, 0x00000000c0000000)
  object space 21248K, 54% used [0x00000000bae00000,0x00000000bb962480,0x00000000bc2c0000)
}
Event: 2.393 GC heap before
{Heap before GC invocations=4 (full 0):
 PSYoungGen      total 19136K, used 19114K [0x00000000eaab0000, 0x00000000ec000000, 0x0000000100000000)
  eden space 16448K, 100% used [0x00000000eaab0000,0x00000000ebac0000,0x00000000ebac0000)
  from space 2688K, 99% used [0x00000000ebac0000,0x00000000ebd5aa48,0x00000000ebd60000)
  to   space 2688K, 0% used [0x00000000ebd60000,0x00000000ebd60000,0x00000000ec000000)
 ParOldGen       total 43712K, used 561K [0x00000000c0000000, 0x00000000c2ab0000, 0x00000000eaab0000)
  object space 43712K, 1% used [0x00000000c0000000,0x00000000c008c4f0,0x00000000c2ab0000)
 PSPermGen       total 21248K, used 15793K [0x00000000bae00000, 0x00000000bc2c0000, 0x00000000c0000000)
  object space 21248K, 74% used [0x00000000bae00000,0x00000000bbd6c588,0x00000000bc2c0000)
Event: 2.397 GC heap after
Heap after GC invocations=4 (full 0):
 PSYoungGen      total 19136K, used 2662K [0x00000000eaab0000, 0x00000000ec000000, 0x0000000100000000)
  eden space 16448K, 0% used [0x00000000eaab0000,0x00000000eaab0000,0x00000000ebac0000)
  from space 2688K, 99% used [0x00000000ebd60000,0x00000000ebff9828,0x00000000ec000000)
  to   space 2688K, 0% used [0x00000000ebac0000,0x00000000ebac0000,0x00000000ebd60000)
 ParOldGen       total 43712K, used 2404K [0x00000000c0000000, 0x00000000c2ab0000, 0x00000000eaab0000)
  object space 43712K, 5% used [0x00000000c0000000,0x00000000c0259320,0x00000000c2ab0000)
 PSPermGen       total 21248K, used 15793K [0x00000000bae00000, 0x00000000bc2c0000, 0x00000000c0000000)
  object space 21248K, 74% used [0x00000000bae00000,0x00000000bbd6c588,0x00000000bc2c0000)
}
Event: 2.876 GC heap before
{Heap before GC invocations=5 (full 0):
 PSYoungGen      total 19136K, used 19110K [0x00000000eaab0000, 0x00000000ec000000, 0x0000000100000000)
  eden space 16448K, 100% used [0x00000000eaab0000,0x00000000ebac0000,0x00000000ebac0000)
  from space 2688K, 99% used [0x00000000ebd60000,0x00000000ebff9828,0x00000000ec000000)
  to   space 2688K, 0% used [0x00000000ebac0000,0x00000000ebac0000,0x00000000ebd60000)
 ParOldGen       total 43712K, used 2404K [0x00000000c0000000, 0x00000000c2ab0000, 0x00000000eaab0000)
  object space 43712K, 5% used [0x00000000c0000000,0x00000000c0259320,0x00000000c2ab0000)
 PSPermGen       total 21248K, used 17792K [0x00000000bae00000, 0x00000000bc2c0000, 0x00000000c0000000)
  object space 21248K, 83% used [0x00000000bae00000,0x00000000bbf60118,0x00000000bc2c0000)
Event: 2.880 GC heap after
Heap after GC invocations=5 (full 0):
 PSYoungGen      total 18752K, used 2678K [0x00000000eaab0000, 0x00000000ec600000, 0x0000000100000000)
  eden space 16064K, 0% used [0x00000000eaab0000,0x00000000eaab0000,0x00000000eba60000)
  from space 2688K, 99% used [0x00000000ebac0000,0x00000000ebd5d838,0x00000000ebd60000)
  to   space 5952K, 0% used [0x00000000ec030000,0x00000000ec030000,0x00000000ec600000)
 ParOldGen       total 43712K, used 4578K [0x00000000c0000000, 0x00000000c2ab0000, 0x00000000eaab0000)
  object space 43712K, 10% used [0x00000000c0000000,0x00000000c0478af8,0x00000000c2ab0000)
 PSPermGen       total 21248K, used 17792K [0x00000000bae00000, 0x00000000bc2c0000, 0x00000000c0000000)
  object space 21248K, 83% used [0x00000000bae00000,0x00000000bbf60118,0x00000000bc2c0000)
}
Event: 3.293 GC heap before
{Heap before GC invocations=6 (full 0):
 PSYoungGen      total 18752K, used 18742K [0x00000000eaab0000, 0x00000000ec600000, 0x0000000100000000)
  eden space 16064K, 100% used [0x00000000eaab0000,0x00000000eba60000,0x00000000eba60000)
  from space 2688K, 99% used [0x00000000ebac0000,0x00000000ebd5d838,0x00000000ebd60000)
  to   space 5952K, 0% used [0x00000000ec030000,0x00000000ec030000,0x00000000ec600000)
 ParOldGen       total 43712K, used 4578K [0x00000000c0000000, 0x00000000c2ab0000, 0x00000000eaab0000)
  object space 43712K, 10% used [0x00000000c0000000,0x00000000c0478af8,0x00000000c2ab0000)
 PSPermGen       total 21248K, used 19346K [0x00000000bae00000, 0x00000000bc2c0000, 0x00000000c0000000)
  object space 21248K, 91% used [0x00000000bae00000,0x00000000bc0e4898,0x00000000bc2c0000)
Event: 3.300 GC heap after
Heap after GC invocations=6 (full 0):
 PSYoungGen      total 21632K, used 4457K [0x00000000eaab0000, 0x00000000ec600000, 0x0000000100000000)
  eden space 15680K, 0% used [0x00000000eaab0000,0x00000000eaab0000,0x00000000eba00000)
  from space 5952K, 74% used [0x00000000ec030000,0x00000000ec48a6c0,0x00000000ec600000)
  to   space 6144K, 0% used [0x00000000eba00000,0x00000000eba00000,0x00000000ec000000)
 ParOldGen       total 43712K, used 4586K [0x00000000c0000000, 0x00000000c2ab0000, 0x00000000eaab0000)
  object space 43712K, 10% used [0x00000000c0000000,0x00000000c047aaf8,0x00000000c2ab0000)
 PSPermGen       total 21248K, used 19346K [0x00000000bae00000, 0x00000000bc2c0000, 0x00000000c0000000)
  object space 21248K, 91% used [0x00000000bae00000,0x00000000bc0e4898,0x00000000bc2c0000)
}

